<?xml version="1.0" encoding="UTF-8"?>
<!-- Generated by org.testng.reporters.JUnitXMLReporter -->
<testsuite ignored="6" hostname="Maginthans-MacBook-Pro.local" failures="0" tests="4" name="ChromeTest" time="75.81" errors="0" timestamp="2024-03-28T10:36:58 IST">
  <testcase classname="test.CanadaCountrySelectionTest" name="TC_002_CanadaSelectTest" time="5.997"/>
  <testcase classname="test.USCountrySelectionTest" name="TC_003_UnitedStatesSelectTest" time="6.802"/>
  <testcase classname="test.ShopByBrandTest" name="TC_009_shopByBrandTest" time="23.081"/>
  <testcase classname="test.SearchAndAddItemToCartTest" name="TC_010_SearchAndAddItemToCartTest" time="22.719"/>
  <testcase classname="base.ProjectSpecificationMethod" name="@BeforeSuite reportInitialisation" time="0.0">
    <ignored/>
  </testcase> <!-- @BeforeSuite reportInitialisation -->
  <testcase classname="base.ProjectSpecificationMethod" name="@AfterSuite generateExtentReports" time="0.0">
    <ignored/>
  </testcase> <!-- @AfterSuite generateExtentReports -->
  <testcase classname="base.ProjectSpecificationMethod" name="@AfterSuite generateExtentReports" time="0.0">
    <ignored/>
  </testcase> <!-- @AfterSuite generateExtentReports -->
  <testcase classname="base.ProjectSpecificationMethod" name="@BeforeSuite reportInitialisation" time="0.0">
    <ignored/>
  </testcase> <!-- @BeforeSuite reportInitialisation -->
  <testcase classname="base.ProjectSpecificationMethod" name="@BeforeSuite reportInitialisation" time="0.0">
    <ignored/>
  </testcase> <!-- @BeforeSuite reportInitialisation -->
  <testcase classname="base.ProjectSpecificationMethod" name="@AfterSuite generateExtentReports" time="0.0">
    <ignored/>
  </testcase> <!-- @AfterSuite generateExtentReports -->
</testsuite> <!-- ChromeTest -->
