<?xml version="1.0" encoding="UTF-8"?>
<!-- Generated by org.testng.reporters.JUnitXMLReporter -->
<testsuite ignored="20" hostname="Maginthans-MacBook-Pro.local" failures="0" tests="27" name="ChromeTest" time="908.448" errors="0" timestamp="2024-03-20T15:21:17 IST">
  <testcase classname="test.BrokenURLValidationTest" name="TC_001_URLValidation" time="9.237"/>
  <testcase classname="test.CanadaCountrySelectionTest" name="TC_002_CanadaSelectTest" time="4.927"/>
  <testcase classname="test.USCountrySelectionTest" name="TC_003_UnitedStatesSelectTest" time="5.165"/>
  <testcase classname="test.LoginTest" name="TC_004_LoginTest" time="28.35"/>
  <testcase classname="test.LoginTest" name="TC_004_LoginTest" time="40.258"/>
  <testcase classname="test.LoginTest" name="TC_004_LoginTest" time="40.213"/>
  <testcase classname="test.LoginTest" name="TC_004_LoginTest" time="39.627"/>
  <testcase classname="test.LoginTest" name="TC_004_LoginTest" time="24.71"/>
  <testcase classname="test.LoginTest" name="TC_004_LoginTest" time="24.721"/>
  <testcase classname="test.LoginTest" name="TC_004_LoginTest" time="24.559"/>
  <testcase classname="test.SignUpTest" name="TC_005_SignUpTest" time="41.939"/>
  <testcase classname="test.SignUpTest" name="TC_005_SignUpTest" time="27.513"/>
  <testcase classname="test.SignUpTest" name="TC_005_SignUpTest" time="41.378"/>
  <testcase classname="test.SignUpTest" name="TC_005_SignUpTest" time="26.198"/>
  <testcase classname="test.SignUpTest" name="TC_005_SignUpTest" time="28.912"/>
  <testcase classname="test.SignUpTest" name="TC_005_SignUpTest" time="25.567"/>
  <testcase classname="test.SignUpTest" name="TC_005_SignUpTest" time="25.422"/>
  <testcase classname="test.SignUpTest" name="TC_005_SignUpTest" time="28.777"/>
  <testcase classname="test.SignUpTest" name="TC_005_SignUpTest" time="29.801"/>
  <testcase classname="test.SignUpTest" name="TC_005_SignUpTest" time="25.006"/>
  <testcase classname="test.SignUpTest" name="TC_005_SignUpTest" time="42.316"/>
  <testcase classname="test.TitlesTest" name="TC_006_TitlesTest" time="43.51"/>
  <testcase classname="test.BottomLinksTest" name="TC_007_BottomLinksTest" time="57.512"/>
  <testcase classname="test.ShopByDepartmentTest" name="TC_008_shopByDepartmentTest" time="22.137"/>
  <testcase classname="test.ShopByBrandTest" name="TC_009_shopByBrandTest" time="24.538"/>
  <testcase classname="test.SearchAndAddItemToCartTest" name="TC_010_SearchAndAddItemToCartTest" time="23.123"/>
  <testcase classname="test.OrderPlacementTest" name="TC_011_OrderPlacementTest" time="51.391"/>
  <testcase classname="base.ProjectSpecificationMethod" name="@AfterSuite generateExtentReports" time="0.0">
    <ignored/>
  </testcase> <!-- @AfterSuite generateExtentReports -->
  <testcase classname="base.ProjectSpecificationMethod" name="@BeforeSuite reportInitialisation" time="0.0">
    <ignored/>
  </testcase> <!-- @BeforeSuite reportInitialisation -->
  <testcase classname="base.ProjectSpecificationMethod" name="@BeforeSuite reportInitialisation" time="0.0">
    <ignored/>
  </testcase> <!-- @BeforeSuite reportInitialisation -->
  <testcase classname="base.ProjectSpecificationMethod" name="@BeforeSuite reportInitialisation" time="0.0">
    <ignored/>
  </testcase> <!-- @BeforeSuite reportInitialisation -->
  <testcase classname="base.ProjectSpecificationMethod" name="@AfterSuite generateExtentReports" time="0.0">
    <ignored/>
  </testcase> <!-- @AfterSuite generateExtentReports -->
  <testcase classname="base.ProjectSpecificationMethod" name="@AfterSuite generateExtentReports" time="0.0">
    <ignored/>
  </testcase> <!-- @AfterSuite generateExtentReports -->
  <testcase classname="base.ProjectSpecificationMethod" name="@BeforeSuite reportInitialisation" time="0.0">
    <ignored/>
  </testcase> <!-- @BeforeSuite reportInitialisation -->
  <testcase classname="base.ProjectSpecificationMethod" name="@AfterSuite generateExtentReports" time="0.0">
    <ignored/>
  </testcase> <!-- @AfterSuite generateExtentReports -->
  <testcase classname="base.ProjectSpecificationMethod" name="@BeforeSuite reportInitialisation" time="0.0">
    <ignored/>
  </testcase> <!-- @BeforeSuite reportInitialisation -->
  <testcase classname="base.ProjectSpecificationMethod" name="@AfterSuite generateExtentReports" time="0.0">
    <ignored/>
  </testcase> <!-- @AfterSuite generateExtentReports -->
  <testcase classname="base.ProjectSpecificationMethod" name="@BeforeSuite reportInitialisation" time="0.0">
    <ignored/>
  </testcase> <!-- @BeforeSuite reportInitialisation -->
  <testcase classname="base.ProjectSpecificationMethod" name="@BeforeSuite reportInitialisation" time="0.0">
    <ignored/>
  </testcase> <!-- @BeforeSuite reportInitialisation -->
  <testcase classname="base.ProjectSpecificationMethod" name="@BeforeSuite reportInitialisation" time="0.0">
    <ignored/>
  </testcase> <!-- @BeforeSuite reportInitialisation -->
  <testcase classname="base.ProjectSpecificationMethod" name="@AfterSuite generateExtentReports" time="0.0">
    <ignored/>
  </testcase> <!-- @AfterSuite generateExtentReports -->
  <testcase classname="base.ProjectSpecificationMethod" name="@AfterSuite generateExtentReports" time="0.0">
    <ignored/>
  </testcase> <!-- @AfterSuite generateExtentReports -->
  <testcase classname="base.ProjectSpecificationMethod" name="@BeforeSuite reportInitialisation" time="0.0">
    <ignored/>
  </testcase> <!-- @BeforeSuite reportInitialisation -->
  <testcase classname="base.ProjectSpecificationMethod" name="@AfterSuite generateExtentReports" time="0.0">
    <ignored/>
  </testcase> <!-- @AfterSuite generateExtentReports -->
  <testcase classname="base.ProjectSpecificationMethod" name="@AfterSuite generateExtentReports" time="0.0">
    <ignored/>
  </testcase> <!-- @AfterSuite generateExtentReports -->
  <testcase classname="base.ProjectSpecificationMethod" name="@BeforeSuite reportInitialisation" time="0.0">
    <ignored/>
  </testcase> <!-- @BeforeSuite reportInitialisation -->
  <testcase classname="base.ProjectSpecificationMethod" name="@AfterSuite generateExtentReports" time="0.0">
    <ignored/>
  </testcase> <!-- @AfterSuite generateExtentReports -->
</testsuite> <!-- ChromeTest -->
