<?xml version="1.0" encoding="UTF-8"?>
<testng-results ignored="0" total="2" passed="2" failed="0" skipped="0">
  <reporter-output>
  </reporter-output>
  <suite started-at="2024-03-19T02:13:34 IST" name="Suite" finished-at="2024-03-19T02:14:07 IST" duration-ms="32954">
    <groups>
    </groups>
    <test started-at="2024-03-19T02:13:34 IST" name="ChromeTest" finished-at="2024-03-19T02:13:50 IST" duration-ms="16156">
      <class name="test.BrokenURLValidationTest">
        <test-method is-config="true" signature="fileSetup()[pri:0, instance:test.BrokenURLValidationTest@1af2d44a]" started-at="2024-03-19T02:13:34 IST" name="fileSetup" finished-at="2024-03-19T02:13:34 IST" duration-ms="0" status="PASS">
          <reporter-output>
          </reporter-output>
        </test-method> <!-- fileSetup -->
        <test-method is-config="true" signature="createExtentTest()[pri:0, instance:test.BrokenURLValidationTest@1af2d44a]" started-at="2024-03-19T02:13:34 IST" name="createExtentTest" finished-at="2024-03-19T02:13:34 IST" duration-ms="8" status="PASS">
          <reporter-output>
          </reporter-output>
        </test-method> <!-- createExtentTest -->
        <test-method is-config="true" signature="browserLaunch(java.lang.String,java.lang.String)[pri:0, instance:test.BrokenURLValidationTest@1af2d44a]" started-at="2024-03-19T02:13:34 IST" name="browserLaunch" finished-at="2024-03-19T02:13:40 IST" duration-ms="5747" status="PASS">
          <params>
            <param index="0">
              <value>
                <![CDATA[Chrome]]>
              </value>
            </param>
            <param index="1">
              <value>
                <![CDATA[https://www.bestbuy.com]]>
              </value>
            </param>
          </params>
          <reporter-output>
          </reporter-output>
        </test-method> <!-- browserLaunch -->
        <test-method signature="TC_001_URLValidation(java.lang.String)[pri:0, instance:test.BrokenURLValidationTest@1af2d44a]" started-at="2024-03-19T02:13:40 IST" name="TC_001_URLValidation" finished-at="2024-03-19T02:13:50 IST" duration-ms="10207" status="PASS">
          <params>
            <param index="0">
              <value>
                <![CDATA[https://www.bestbuy.com]]>
              </value>
            </param>
          </params>
          <reporter-output>
          </reporter-output>
        </test-method> <!-- TC_001_URLValidation -->
        <test-method is-config="true" signature="browserClose()[pri:0, instance:test.BrokenURLValidationTest@1af2d44a]" started-at="2024-03-19T02:13:50 IST" name="browserClose" finished-at="2024-03-19T02:13:50 IST" duration-ms="155" status="PASS">
          <reporter-output>
          </reporter-output>
        </test-method> <!-- browserClose -->
      </class> <!-- test.BrokenURLValidationTest -->
    </test> <!-- ChromeTest -->
    <test started-at="2024-03-19T02:13:51 IST" name="FirefoxTest" finished-at="2024-03-19T02:14:07 IST" duration-ms="16619">
      <class name="test.BrokenURLValidationTest">
        <test-method is-config="true" signature="reportInitialisation()[pri:0, instance:test.BrokenURLValidationTest@32502377]" started-at="2024-03-19T02:13:34 IST" name="reportInitialisation" finished-at="2024-03-19T02:13:34 IST" duration-ms="290" status="PASS">
          <reporter-output>
          </reporter-output>
        </test-method> <!-- reportInitialisation -->
        <test-method is-config="true" signature="fileSetup()[pri:0, instance:test.BrokenURLValidationTest@32502377]" started-at="2024-03-19T02:13:51 IST" name="fileSetup" finished-at="2024-03-19T02:13:51 IST" duration-ms="0" status="PASS">
          <reporter-output>
          </reporter-output>
        </test-method> <!-- fileSetup -->
        <test-method is-config="true" signature="createExtentTest()[pri:0, instance:test.BrokenURLValidationTest@32502377]" started-at="2024-03-19T02:13:51 IST" name="createExtentTest" finished-at="2024-03-19T02:13:51 IST" duration-ms="1" status="PASS">
          <reporter-output>
          </reporter-output>
        </test-method> <!-- createExtentTest -->
        <test-method is-config="true" signature="browserLaunch(java.lang.String,java.lang.String)[pri:0, instance:test.BrokenURLValidationTest@32502377]" started-at="2024-03-19T02:13:51 IST" name="browserLaunch" finished-at="2024-03-19T02:13:57 IST" duration-ms="6443" status="PASS">
          <params>
            <param index="0">
              <value>
                <![CDATA[Firefox]]>
              </value>
            </param>
            <param index="1">
              <value>
                <![CDATA[https://www.bestbuy.com]]>
              </value>
            </param>
          </params>
          <reporter-output>
          </reporter-output>
        </test-method> <!-- browserLaunch -->
        <test-method signature="TC_001_URLValidation(java.lang.String)[pri:0, instance:test.BrokenURLValidationTest@32502377]" started-at="2024-03-19T02:13:57 IST" name="TC_001_URLValidation" finished-at="2024-03-19T02:14:06 IST" duration-ms="9205" status="PASS">
          <params>
            <param index="0">
              <value>
                <![CDATA[https://www.bestbuy.com]]>
              </value>
            </param>
          </params>
          <reporter-output>
          </reporter-output>
        </test-method> <!-- TC_001_URLValidation -->
        <test-method is-config="true" signature="browserClose()[pri:0, instance:test.BrokenURLValidationTest@32502377]" started-at="2024-03-19T02:14:06 IST" name="browserClose" finished-at="2024-03-19T02:14:07 IST" duration-ms="967" status="PASS">
          <reporter-output>
          </reporter-output>
        </test-method> <!-- browserClose -->
        <test-method is-config="true" signature="generateExtentReports()[pri:0, instance:test.BrokenURLValidationTest@32502377]" started-at="2024-03-19T02:14:07 IST" name="generateExtentReports" finished-at="2024-03-19T02:14:07 IST" duration-ms="302" status="PASS">
          <reporter-output>
          </reporter-output>
        </test-method> <!-- generateExtentReports -->
      </class> <!-- test.BrokenURLValidationTest -->
    </test> <!-- FirefoxTest -->
  </suite> <!-- Suite -->
</testng-results>
