<?xml version="1.0" encoding="UTF-8"?>
<testng-results ignored="0" total="4" passed="4" failed="0" skipped="0">
  <reporter-output>
  </reporter-output>
  <suite started-at="2024-03-28T10:35:42 IST" name="Suite" finished-at="2024-03-28T10:36:58 IST" duration-ms="75810">
    <groups>
    </groups>
    <test started-at="2024-03-28T10:35:42 IST" name="ChromeTest" finished-at="2024-03-28T10:36:58 IST" duration-ms="75810">
      <class name="test.USCountrySelectionTest">
        <test-method is-config="true" signature="extentTestSetup()[pri:0, instance:test.USCountrySelectionTest@57a78e3]" started-at="2024-03-28T10:35:42 IST" name="extentTestSetup" finished-at="2024-03-28T10:35:42 IST" duration-ms="0" status="PASS">
          <reporter-output>
          </reporter-output>
        </test-method> <!-- extentTestSetup -->
        <test-method is-config="true" signature="createExtentTest()[pri:0, instance:test.USCountrySelectionTest@57a78e3]" started-at="2024-03-28T10:35:53 IST" name="createExtentTest" finished-at="2024-03-28T10:35:53 IST" duration-ms="0" status="PASS">
          <reporter-output>
          </reporter-output>
        </test-method> <!-- createExtentTest -->
        <test-method is-config="true" signature="browserLaunch(java.lang.String,java.lang.String)[pri:0, instance:test.USCountrySelectionTest@57a78e3]" started-at="2024-03-28T10:35:53 IST" name="browserLaunch" finished-at="2024-03-28T10:35:58 IST" duration-ms="4186" status="PASS">
          <params>
            <param index="0">
              <value>
                <![CDATA[Chrome]]>
              </value>
            </param>
            <param index="1">
              <value>
                <![CDATA[https://www.bestbuy.com]]>
              </value>
            </param>
          </params>
          <reporter-output>
          </reporter-output>
        </test-method> <!-- browserLaunch -->
        <test-method signature="TC_003_UnitedStatesSelectTest()[pri:0, instance:test.USCountrySelectionTest@57a78e3]" started-at="2024-03-28T10:35:58 IST" name="TC_003_UnitedStatesSelectTest" finished-at="2024-03-28T10:36:04 IST" duration-ms="6802" status="PASS">
          <reporter-output>
          </reporter-output>
        </test-method> <!-- TC_003_UnitedStatesSelectTest -->
        <test-method is-config="true" signature="browserClose()[pri:0, instance:test.USCountrySelectionTest@57a78e3]" started-at="2024-03-28T10:36:04 IST" name="browserClose" finished-at="2024-03-28T10:36:05 IST" duration-ms="252" status="PASS">
          <reporter-output>
          </reporter-output>
        </test-method> <!-- browserClose -->
      </class> <!-- test.USCountrySelectionTest -->
      <class name="test.CanadaCountrySelectionTest">
        <test-method is-config="true" signature="reportInitialisation()[pri:0, instance:test.CanadaCountrySelectionTest@16eb3ea3]" started-at="2024-03-28T10:35:42 IST" name="reportInitialisation" finished-at="2024-03-28T10:35:42 IST" duration-ms="473" status="PASS">
          <reporter-output>
          </reporter-output>
        </test-method> <!-- reportInitialisation -->
        <test-method is-config="true" signature="extentTestSetup()[pri:0, instance:test.CanadaCountrySelectionTest@16eb3ea3]" started-at="2024-03-28T10:35:42 IST" name="extentTestSetup" finished-at="2024-03-28T10:35:42 IST" duration-ms="0" status="PASS">
          <reporter-output>
          </reporter-output>
        </test-method> <!-- extentTestSetup -->
        <test-method is-config="true" signature="createExtentTest()[pri:0, instance:test.CanadaCountrySelectionTest@16eb3ea3]" started-at="2024-03-28T10:35:43 IST" name="createExtentTest" finished-at="2024-03-28T10:35:43 IST" duration-ms="13" status="PASS">
          <reporter-output>
          </reporter-output>
        </test-method> <!-- createExtentTest -->
        <test-method is-config="true" signature="browserLaunch(java.lang.String,java.lang.String)[pri:0, instance:test.CanadaCountrySelectionTest@16eb3ea3]" started-at="2024-03-28T10:35:43 IST" name="browserLaunch" finished-at="2024-03-28T10:35:47 IST" duration-ms="4460" status="PASS">
          <params>
            <param index="0">
              <value>
                <![CDATA[Chrome]]>
              </value>
            </param>
            <param index="1">
              <value>
                <![CDATA[https://www.bestbuy.com]]>
              </value>
            </param>
          </params>
          <reporter-output>
          </reporter-output>
        </test-method> <!-- browserLaunch -->
        <test-method signature="TC_002_CanadaSelectTest()[pri:0, instance:test.CanadaCountrySelectionTest@16eb3ea3]" started-at="2024-03-28T10:35:47 IST" name="TC_002_CanadaSelectTest" finished-at="2024-03-28T10:35:53 IST" duration-ms="5997" status="PASS">
          <reporter-output>
          </reporter-output>
        </test-method> <!-- TC_002_CanadaSelectTest -->
        <test-method is-config="true" signature="browserClose()[pri:0, instance:test.CanadaCountrySelectionTest@16eb3ea3]" started-at="2024-03-28T10:35:53 IST" name="browserClose" finished-at="2024-03-28T10:35:53 IST" duration-ms="341" status="PASS">
          <reporter-output>
          </reporter-output>
        </test-method> <!-- browserClose -->
        <test-method is-config="true" signature="generateExtentReports()[pri:0, instance:test.CanadaCountrySelectionTest@16eb3ea3]" started-at="2024-03-28T10:36:58 IST" name="generateExtentReports" finished-at="2024-03-28T10:36:59 IST" duration-ms="267" status="PASS">
          <reporter-output>
          </reporter-output>
        </test-method> <!-- generateExtentReports -->
      </class> <!-- test.CanadaCountrySelectionTest -->
      <class name="test.SearchAndAddItemToCartTest">
        <test-method is-config="true" signature="extentTestSetup()[pri:0, instance:test.SearchAndAddItemToCartTest@6fa51cd4]" started-at="2024-03-28T10:35:42 IST" name="extentTestSetup" finished-at="2024-03-28T10:35:42 IST" duration-ms="0" status="PASS">
          <reporter-output>
          </reporter-output>
        </test-method> <!-- extentTestSetup -->
        <test-method is-config="true" signature="createExtentTest()[pri:0, instance:test.SearchAndAddItemToCartTest@6fa51cd4]" started-at="2024-03-28T10:36:32 IST" name="createExtentTest" finished-at="2024-03-28T10:36:32 IST" duration-ms="1" status="PASS">
          <reporter-output>
          </reporter-output>
        </test-method> <!-- createExtentTest -->
        <test-method is-config="true" signature="browserLaunch(java.lang.String,java.lang.String)[pri:0, instance:test.SearchAndAddItemToCartTest@6fa51cd4]" started-at="2024-03-28T10:36:32 IST" name="browserLaunch" finished-at="2024-03-28T10:36:35 IST" duration-ms="3621" status="PASS">
          <params>
            <param index="0">
              <value>
                <![CDATA[Chrome]]>
              </value>
            </param>
            <param index="1">
              <value>
                <![CDATA[https://www.bestbuy.com]]>
              </value>
            </param>
          </params>
          <reporter-output>
          </reporter-output>
        </test-method> <!-- browserLaunch -->
        <test-method signature="TC_010_SearchAndAddItemToCartTest()[pri:0, instance:test.SearchAndAddItemToCartTest@6fa51cd4]" started-at="2024-03-28T10:36:35 IST" name="TC_010_SearchAndAddItemToCartTest" finished-at="2024-03-28T10:36:58 IST" duration-ms="22719" status="PASS">
          <reporter-output>
          </reporter-output>
        </test-method> <!-- TC_010_SearchAndAddItemToCartTest -->
        <test-method is-config="true" signature="browserClose()[pri:0, instance:test.SearchAndAddItemToCartTest@6fa51cd4]" started-at="2024-03-28T10:36:58 IST" name="browserClose" finished-at="2024-03-28T10:36:58 IST" duration-ms="170" status="PASS">
          <reporter-output>
          </reporter-output>
        </test-method> <!-- browserClose -->
      </class> <!-- test.SearchAndAddItemToCartTest -->
      <class name="test.ShopByBrandTest">
        <test-method is-config="true" signature="extentTestSetup()[pri:0, instance:test.ShopByBrandTest@402c4085]" started-at="2024-03-28T10:35:42 IST" name="extentTestSetup" finished-at="2024-03-28T10:35:42 IST" duration-ms="0" status="PASS">
          <reporter-output>
          </reporter-output>
        </test-method> <!-- extentTestSetup -->
        <test-method is-config="true" signature="createExtentTest()[pri:0, instance:test.ShopByBrandTest@402c4085]" started-at="2024-03-28T10:36:05 IST" name="createExtentTest" finished-at="2024-03-28T10:36:05 IST" duration-ms="0" status="PASS">
          <reporter-output>
          </reporter-output>
        </test-method> <!-- createExtentTest -->
        <test-method is-config="true" signature="browserLaunch(java.lang.String,java.lang.String)[pri:0, instance:test.ShopByBrandTest@402c4085]" started-at="2024-03-28T10:36:05 IST" name="browserLaunch" finished-at="2024-03-28T10:36:08 IST" duration-ms="3907" status="PASS">
          <params>
            <param index="0">
              <value>
                <![CDATA[Chrome]]>
              </value>
            </param>
            <param index="1">
              <value>
                <![CDATA[https://www.bestbuy.com]]>
              </value>
            </param>
          </params>
          <reporter-output>
          </reporter-output>
        </test-method> <!-- browserLaunch -->
        <test-method signature="TC_009_shopByBrandTest()[pri:0, instance:test.ShopByBrandTest@402c4085]" started-at="2024-03-28T10:36:08 IST" name="TC_009_shopByBrandTest" finished-at="2024-03-28T10:36:32 IST" duration-ms="23081" status="PASS">
          <reporter-output>
          </reporter-output>
        </test-method> <!-- TC_009_shopByBrandTest -->
        <test-method is-config="true" signature="browserClose()[pri:0, instance:test.ShopByBrandTest@402c4085]" started-at="2024-03-28T10:36:32 IST" name="browserClose" finished-at="2024-03-28T10:36:32 IST" duration-ms="201" status="PASS">
          <reporter-output>
          </reporter-output>
        </test-method> <!-- browserClose -->
      </class> <!-- test.ShopByBrandTest -->
    </test> <!-- ChromeTest -->
  </suite> <!-- Suite -->
</testng-results>
